<?xml version="1.0" encoding="UTF-8"?>
<!-- Generated by org.testng.reporters.JUnitReportReporter -->
<testsuite hostname="MAA125CG0164H65" failures="0" tests="1" name="TestNGDemo.DataProvideDemo" time="7.286" errors="0" timestamp="2021-12-08T22:45:28 IST" skipped="0">
  <testcase classname="TestNGDemo.DataProvideDemo" name="applicationFormName" time="7.286"/>
  <system-out/>
</testsuite> <!-- TestNGDemo.DataProvideDemo -->
