<?xml version="1.0" encoding="UTF-8"?>
<!-- Generated by org.testng.reporters.JUnitReportReporter -->
<testsuite hostname="MAA125CG0164H65" failures="0" tests="1" name="TestNGDemo.ParameterDemo" time="6.206" errors="0" timestamp="2021-12-08T22:46:51 IST" skipped="0">
  <testcase classname="TestNGDemo.ParameterDemo" name="applicationFormName" time="6.206"/>
  <system-out/>
</testsuite> <!-- TestNGDemo.ParameterDemo -->
