<?xml version="1.0" encoding="UTF-8"?>
<!-- Generated by org.testng.reporters.JUnitReportReporter -->
<testsuite hostname="MAA125CG0164H65" failures="0" tests="1" name="TestNGDemo.AssertionDemo" time="4.801" errors="0" timestamp="2021-12-08T21:42:52 IST" skipped="0">
  <testcase classname="TestNGDemo.AssertionDemo" name="simple" time="4.801"/>
  <system-out/>
</testsuite> <!-- TestNGDemo.AssertionDemo -->
